0 info it worked if it ends with ok
1 verbose cli [ '/usr/local/bin/node', '/Users/matt/.node/bin/npm', 'publish' ]
2 info using npm@3.9.5
3 info using node@v4.2.1
4 verbose publish [ '.' ]
5 silly cache add args [ '.', null ]
6 verbose cache add spec .
7 silly cache add parsed spec Result {
7 silly cache add   raw: '.',
7 silly cache add   scope: null,
7 silly cache add   name: null,
7 silly cache add   rawSpec: '.',
7 silly cache add   spec: '/Users/matt/develop/projects/pokescraper_latest',
7 silly cache add   type: 'directory' }
8 verbose addLocalDirectory /Users/matt/.npm/pokewrapper/1.0.0/package.tgz not in flight; packing
9 verbose correctMkdir /Users/matt/.npm correctMkdir not in flight; initializing
10 info lifecycle pokewrapper@1.0.0~prepublish: pokewrapper@1.0.0
11 silly lifecycle pokewrapper@1.0.0~prepublish: no script for prepublish, continuing
12 verbose tar pack [ '/Users/matt/.npm/pokewrapper/1.0.0/package.tgz',
12 verbose tar pack   '/Users/matt/develop/projects/pokescraper_latest' ]
13 verbose tarball /Users/matt/.npm/pokewrapper/1.0.0/package.tgz
14 verbose folder /Users/matt/develop/projects/pokescraper_latest
15 verbose addLocalTarball adding from inside cache /Users/matt/.npm/pokewrapper/1.0.0/package.tgz
16 verbose correctMkdir /Users/matt/.npm correctMkdir not in flight; initializing
17 silly cache afterAdd pokewrapper@1.0.0
18 verbose afterAdd /Users/matt/.npm/pokewrapper/1.0.0/package/package.json not in flight; writing
19 verbose correctMkdir /Users/matt/.npm correctMkdir not in flight; initializing
20 verbose afterAdd /Users/matt/.npm/pokewrapper/1.0.0/package/package.json written
21 silly publish { name: 'pokewrapper',
21 silly publish   version: '1.0.0',
21 silly publish   description: 'wrapper to interact with all things pokemon',
21 silly publish   main: 'src/index.js',
21 silly publish   scripts: { test: 'echo "Error: no test specified" && exit 1' },
21 silly publish   repository:
21 silly publish    { type: 'git',
21 silly publish      url: 'git+https://github.com/mpedersen2054/pokewrapper.git' },
21 silly publish   keywords: [ 'pokemon', 'pokemon_wrapper' ],
21 silly publish   author:
21 silly publish    { name: 'matt pedersen',
21 silly publish      email: 'matthewnpedersen@gmail.com',
21 silly publish      url: 'http://patmedersen.com/' },
21 silly publish   license: 'MIT',
21 silly publish   bugs: { url: 'https://github.com/mpedersen2054/pokewrapper/issues' },
21 silly publish   homepage: 'https://github.com/mpedersen2054/pokewrapper#readme',
21 silly publish   dependencies: { lodash: '4.13.1' },
21 silly publish   readme: '# pokewrapper\n',
21 silly publish   readmeFilename: 'README.md',
21 silly publish   gitHead: 'd182a37971361f190cb10f3df0d1c5806dddb8e6',
21 silly publish   _id: 'pokewrapper@1.0.0',
21 silly publish   _shasum: '516f1097528f893ce6595f44e6c049186d646747',
21 silly publish   _from: '.' }
22 verbose getPublishConfig undefined
23 silly mapToRegistry name pokewrapper
24 silly mapToRegistry using default registry
25 silly mapToRegistry registry https://registry.npmjs.org/
26 silly mapToRegistry data Result {
26 silly mapToRegistry   raw: 'pokewrapper',
26 silly mapToRegistry   scope: null,
26 silly mapToRegistry   name: 'pokewrapper',
26 silly mapToRegistry   rawSpec: '',
26 silly mapToRegistry   spec: 'latest',
26 silly mapToRegistry   type: 'tag' }
27 silly mapToRegistry uri https://registry.npmjs.org/pokewrapper
28 verbose publish registryBase https://registry.npmjs.org/
29 silly publish uploading /Users/matt/.npm/pokewrapper/1.0.0/package.tgz
30 verbose request uri https://registry.npmjs.org/pokewrapper
31 verbose request sending authorization for write operation
32 info attempt registry request try #1 at 3:55:41 PM
33 verbose request using bearer token for auth
34 verbose request id 3fdacb02137f31ad
35 http request PUT https://registry.npmjs.org/pokewrapper
36 http 403 https://registry.npmjs.org/pokewrapper
37 verbose headers { 'content-type': 'application/json',
37 verbose headers   'cache-control': 'max-age=300',
37 verbose headers   'content-length': '95',
37 verbose headers   'accept-ranges': 'bytes',
37 verbose headers   date: 'Tue, 12 Jul 2016 20:55:43 GMT',
37 verbose headers   via: '1.1 varnish',
37 verbose headers   connection: 'keep-alive',
37 verbose headers   'x-served-by': 'cache-ord1742-ORD',
37 verbose headers   'x-cache': 'MISS',
37 verbose headers   'x-cache-hits': '0',
37 verbose headers   'x-timer': 'S1468356942.178380,VS0,VE1036',
37 verbose headers   vary: 'Accept-Encoding' }
38 verbose request invalidating /Users/matt/.npm/registry.npmjs.org/pokewrapper on PUT
39 error publish Failed PUT 403
40 verbose stack Error: "You cannot publish over the previously published version 1.0.0." : pokewrapper
40 verbose stack     at makeError (/Users/matt/.node/lib/node_modules/npm/node_modules/npm-registry-client/lib/request.js:264:12)
40 verbose stack     at CachingRegistryClient.<anonymous> (/Users/matt/.node/lib/node_modules/npm/node_modules/npm-registry-client/lib/request.js:252:14)
40 verbose stack     at Request._callback (/Users/matt/.node/lib/node_modules/npm/node_modules/npm-registry-client/lib/request.js:172:14)
40 verbose stack     at Request.self.callback (/Users/matt/.node/lib/node_modules/npm/node_modules/request/request.js:200:22)
40 verbose stack     at emitTwo (events.js:87:13)
40 verbose stack     at Request.emit (events.js:172:7)
40 verbose stack     at Request.<anonymous> (/Users/matt/.node/lib/node_modules/npm/node_modules/request/request.js:1067:10)
40 verbose stack     at emitOne (events.js:82:20)
40 verbose stack     at Request.emit (events.js:169:7)
40 verbose stack     at IncomingMessage.<anonymous> (/Users/matt/.node/lib/node_modules/npm/node_modules/request/request.js:988:12)
41 verbose statusCode 403
42 verbose pkgid pokewrapper
43 verbose cwd /Users/matt/develop/projects/pokescraper_latest
44 error Darwin 14.5.0
45 error argv "/usr/local/bin/node" "/Users/matt/.node/bin/npm" "publish"
46 error node v4.2.1
47 error npm  v3.9.5
48 error code E403
49 error "You cannot publish over the previously published version 1.0.0." : pokewrapper
50 error If you need help, you may report this error at:
50 error     <https://github.com/npm/npm/issues>
51 verbose exit [ 1, true ]
